<?xml version="1.0" encoding="UTF-8"?>
<!-- Generated by org.testng.reporters.JUnitReportReporter -->
<testsuite hostname="DESKTOP-GTSM8RN" failures="0" tests="1" name="NewMaven.Maven1.demo" time="116.462" errors="0" timestamp="2022-11-28T16:59:11 IST" skipped="0">
  <testcase classname="NewMaven.Maven1.demo" name="browser" time="116.462"/>
  <system-out/>
</testsuite> <!-- NewMaven.Maven1.demo -->
